#
# A fatal error has been detected by the Java Runtime Environment:
#
#  Internal Error (javaClasses.cpp:136), pid=4268, tid=448
#  fatal error: Invalid layout of preloaded class
#
# JRE version:  (7.0_55-b13) (build )
# Java VM: Java HotSpot(TM) Client VM (24.55-b03 mixed mode windows-x86 )
# Failed to write core dump. Minidumps are not enabled by default on client versions of Windows
#
# If you would like to submit a bug report, please visit:
#   http://bugreport.sun.com/bugreport/crash.jsp
#

---------------  T H R E A D  ---------------

Current thread (0x0061c400):  JavaThread "Unknown thread" [_thread_in_vm, id=448, stack(0x017c0000,0x01810000)]

Stack: [0x017c0000,0x01810000],  sp=0x0180f614,  free space=317k
Native frames: (J=compiled Java code, j=interpreted, Vv=VM code, C=native code)
V  [jvm.dll+0x18e051]
V  [jvm.dll+0x187dd6]
V  [jvm.dll+0x358ba]
V  [jvm.dll+0x35946]
V  [jvm.dll+0x43fed]
V  [jvm.dll+0x4429e]
V  [jvm.dll+0x926aa]
V  [jvm.dll+0x92a5b]
V  [jvm.dll+0x13db41]
V  [jvm.dll+0x1606ac]
V  [jvm.dll+0xc8e1f]
C  [javaw.exe+0x13ce]
C  [javaw.exe+0x1e40]
C  [javaw.exe+0xa5b1]
C  [javaw.exe+0xa63b]
C  [kernel32.dll+0x4ed6c]
C  [ntdll.dll+0x6377b]
C  [ntdll.dll+0x6374e]


---------------  P R O C E S S  ---------------

Java Threads: ( => current thread )

Other Threads:

=>0x0061c400 (exited) JavaThread "Unknown thread" [_thread_in_vm, id=448, stack(0x017c0000,0x01810000)]

VM state:not at safepoint (not fully initialized)

VM Mutex/Monitor currently owned by a thread: None

GC Heap History (0 events):
No events

Deoptimization events (0 events):
No events

Internal exceptions (0 events):
No events

Events (10 events):
Event: 0.045 loading class 0x0128bf80 done
Event: 0.045 loading class 0x0128ba10 done
Event: 0.045 loading class 0x0128b9f0
Event: 0.045 loading class 0x01292d18
Event: 0.064 loading class 0x01292d18 done
Event: 0.064 loading class 0x01292d48
Event: 0.064 loading class 0x01292d48 done
Event: 0.064 loading class 0x01292d78
Event: 0.064 loading class 0x01292d78 done
Event: 0.064 loading class 0x0128b9f0 done


Dynamic libraries:
0x00160000 - 0x0018f000 	C:\Program Files\Java\jre7\bin\javaw.exe
0x770d0000 - 0x7720c000 	C:\Windows\SYSTEM32\ntdll.dll
0x75700000 - 0x757d4000 	C:\Windows\system32\kernel32.dll
0x752d0000 - 0x7531b000 	C:\Windows\system32\KERNELBASE.dll
0x757e0000 - 0x75880000 	C:\Windows\system32\ADVAPI32.dll
0x75b80000 - 0x75c2c000 	C:\Windows\system32\msvcrt.dll
0x75a40000 - 0x75a59000 	C:\Windows\SYSTEM32\sechost.dll
0x75c30000 - 0x75cd1000 	C:\Windows\system32\RPCRT4.dll
0x75d80000 - 0x75e49000 	C:\Windows\system32\USER32.dll
0x759f0000 - 0x75a3e000 	C:\Windows\system32\GDI32.dll
0x756f0000 - 0x756fa000 	C:\Windows\system32\LPK.dll
0x75880000 - 0x7591d000 	C:\Windows\system32\USP10.dll
0x740b0000 - 0x7424e000 	C:\Windows\WinSxS\x86_microsoft.windows.common-controls_6595b64144ccf1df_6.0.7601.17514_none_41e6975e2bd6f2b2\COMCTL32.dll
0x760c0000 - 0x76117000 	C:\Windows\system32\SHLWAPI.dll
0x75ce0000 - 0x75cff000 	C:\Windows\system32\IMM32.DLL
0x75ff0000 - 0x760bc000 	C:\Windows\system32\MSCTF.dll
0x72910000 - 0x729cf000 	C:\Program Files\Java\jre7\bin\msvcr100.dll
0x58d40000 - 0x590c0000 	C:\Program Files\Java\jre7\bin\client\jvm.dll
0x72780000 - 0x72787000 	C:\Windows\system32\WSOCK32.dll
0x759b0000 - 0x759e5000 	C:\Windows\system32\WS2_32.dll
0x77210000 - 0x77216000 	C:\Windows\system32\NSI.dll
0x73430000 - 0x73462000 	C:\Windows\system32\WINMM.dll
0x75b60000 - 0x75b65000 	C:\Windows\system32\PSAPI.DLL
0x726f0000 - 0x726fc000 	C:\Program Files\Java\jre7\bin\verify.dll
0x726d0000 - 0x726f0000 	C:\Program Files\Java\jre7\bin\java.dll
0x726b0000 - 0x726c3000 	C:\Program Files\Java\jre7\bin\zip.dll
0x6d200000 - 0x6d2eb000 	C:\Windows\system32\dbghelp.dll

VM Arguments:
jvm_args: -Dfile.encoding=Cp1252 -Xbootclasspath:C:\Users\Afik\AppData\Local\Android\android-sdk\platforms\android-19\android.jar 
java_command: cairk.enigmachipper.Enigma
Launcher Type: SUN_STANDARD

Environment Variables:
PATH=C:/Program Files/Java/jre7/bin/client;C:/Program Files/Java/jre7/bin;C:/Program Files/Java/jre7/lib/i386;C:\Windows\system32;C:\Windows;C:\Windows\System32\Wbem;C:\Windows\System32\WindowsPowerShell\v1.0\;C:\Program Files\IsoBuster;C:\Program Files\Microsoft SQL Server\100\Tools\Binn\;C:\Program Files\Microsoft SQL Server\100\DTS\Binn\;C:\Program Files\Common Files\Ulead Systems\MPEG;C:\Program Files\Microsoft SQL Server\110\Tools\Binn\;C:\Program Files\Microsoft\Web Platform Installer\;C:\Program Files\MySQL\MySQL Utilities 1.3.6\;C:\Program Files\doxygen\bin;C:\Program Files\Graphviz2.36\bin;E:\XAMPP\mysql\bin;C:\MinGW\bin;C:\TDM-GCC-32\bin;C:\Program Files\Microsoft ASP.NET\ASP.NET Web Pages\v1.0\;C:\Program Files\Windows Kits\8.0\Windows Performance Toolkit\;E:\eclipse;
USERNAME=Afik
OS=Windows_NT
PROCESSOR_IDENTIFIER=x86 Family 6 Model 23 Stepping 10, GenuineIntel



---------------  S Y S T E M  ---------------

OS: Windows 7 Build 7601 Service Pack 1

CPU:total 2 (2 cores per cpu, 1 threads per core) family 6 model 23 stepping 10, cmov, cx8, fxsr, mmx, sse, sse2, sse3, ssse3, tsc

Memory: 4k page, physical 3105660k(863976k free), swap 6209568k(2340100k free)

vm_info: Java HotSpot(TM) Client VM (24.55-b03) for windows-x86 JRE (1.7.0_55-b13), built on Mar 17 2014 20:01:11 by "java_re" with unknown MS VC++:1600

time: Mon Jun 02 16:12:04 2014
elapsed time: 0 seconds

